<?xml version="1.0" encoding="UTF-8"?>
<coverage generated="1633620391577" clover="3.2.0">
  <project timestamp="1633620391577" name="All files">
    <metrics statements="68" coveredstatements="27" conditionals="8" coveredconditionals="0" methods="36" coveredmethods="8" elements="112" coveredelements="35" complexity="0" loc="68" ncloc="68" packages="5" files="15" classes="15"/>
    <package name="src">
      <metrics statements="17" coveredstatements="8" conditionals="4" coveredconditionals="0" methods="6" coveredmethods="2"/>
      <file name="App.js" path="/Users/ehab/Desktop/post-grad-ed/technical-assignments/w3-w4/Assignment-DatHuis/src/App.js">
        <metrics statements="2" coveredstatements="2" conditionals="0" coveredconditionals="0" methods="1" coveredmethods="1"/>
        <line num="8" count="1" type="stmt"/>
        <line num="9" count="1" type="stmt"/>
      </file>
      <file name="HotApp.js" path="/Users/ehab/Desktop/post-grad-ed/technical-assignments/w3-w4/Assignment-DatHuis/src/HotApp.js">
        <metrics statements="0" coveredstatements="0" conditionals="0" coveredconditionals="0" methods="0" coveredmethods="0"/>
      </file>
      <file name="MOCK_DATA.json" path="/Users/ehab/Desktop/post-grad-ed/technical-assignments/w3-w4/Assignment-DatHuis/src/MOCK_DATA.json">
        <metrics statements="1" coveredstatements="0" conditionals="0" coveredconditionals="0" methods="0" coveredmethods="0"/>
        <line num="1" count="0" type="stmt"/>
      </file>
      <file name="MainPage.js" path="/Users/ehab/Desktop/post-grad-ed/technical-assignments/w3-w4/Assignment-DatHuis/src/MainPage.js">
        <metrics statements="13" coveredstatements="6" conditionals="4" coveredconditionals="0" methods="5" coveredmethods="1"/>
        <line num="7" count="1" type="stmt"/>
        <line num="8" count="1" type="stmt"/>
        <line num="9" count="1" type="stmt"/>
        <line num="11" count="1" type="stmt"/>
        <line num="12" count="0" type="stmt"/>
        <line num="13" count="0" type="stmt"/>
        <line num="14" count="0" type="stmt"/>
        <line num="17" count="1" type="stmt"/>
        <line num="18" count="0" type="cond" truecount="0" falsecount="2"/>
        <line num="19" count="0" type="stmt"/>
        <line num="20" count="0" type="cond" truecount="0" falsecount="2"/>
        <line num="21" count="0" type="stmt"/>
        <line num="25" count="1" type="stmt"/>
      </file>
      <file name="entry.js" path="/Users/ehab/Desktop/post-grad-ed/technical-assignments/w3-w4/Assignment-DatHuis/src/entry.js">
        <metrics statements="1" coveredstatements="0" conditionals="0" coveredconditionals="0" methods="0" coveredmethods="0"/>
        <line num="7" count="0" type="stmt"/>
      </file>
    </package>
    <package name="src.component">
      <metrics statements="13" coveredstatements="3" conditionals="4" coveredconditionals="0" methods="7" coveredmethods="1"/>
      <file name="dronDwon.js" path="/Users/ehab/Desktop/post-grad-ed/technical-assignments/w3-w4/Assignment-DatHuis/src/component/dronDwon.js">
        <metrics statements="5" coveredstatements="0" conditionals="4" coveredconditionals="0" methods="3" coveredmethods="0"/>
        <line num="5" count="0" type="stmt"/>
        <line num="6" count="0" type="stmt"/>
        <line num="7" count="0" type="stmt"/>
        <line num="10" count="0" type="stmt"/>
        <line num="17" count="0" type="stmt"/>
      </file>
      <file name="input.js" path="/Users/ehab/Desktop/post-grad-ed/technical-assignments/w3-w4/Assignment-DatHuis/src/component/input.js">
        <metrics statements="4" coveredstatements="3" conditionals="0" coveredconditionals="0" methods="2" coveredmethods="1"/>
        <line num="10" count="1" type="stmt"/>
        <line num="11" count="1" type="stmt"/>
        <line num="12" count="0" type="stmt"/>
        <line num="15" count="1" type="stmt"/>
      </file>
      <file name="msg.js" path="/Users/ehab/Desktop/post-grad-ed/technical-assignments/w3-w4/Assignment-DatHuis/src/component/msg.js">
        <metrics statements="4" coveredstatements="0" conditionals="0" coveredconditionals="0" methods="2" coveredmethods="0"/>
        <line num="3" count="0" type="stmt"/>
        <line num="4" count="0" type="stmt"/>
        <line num="7" count="0" type="stmt"/>
        <line num="8" count="0" type="stmt"/>
      </file>
    </package>
    <package name="src.component.containers">
      <metrics statements="2" coveredstatements="2" conditionals="0" coveredconditionals="0" methods="0" coveredmethods="0"/>
      <file name="container.js" path="/Users/ehab/Desktop/post-grad-ed/technical-assignments/w3-w4/Assignment-DatHuis/src/component/containers/container.js">
        <metrics statements="2" coveredstatements="2" conditionals="0" coveredconditionals="0" methods="0" coveredmethods="0"/>
        <line num="3" count="1" type="stmt"/>
        <line num="10" count="1" type="stmt"/>
      </file>
    </package>
    <package name="src.component.msg">
      <metrics statements="4" coveredstatements="0" conditionals="0" coveredconditionals="0" methods="2" coveredmethods="0"/>
      <file name="message.js" path="/Users/ehab/Desktop/post-grad-ed/technical-assignments/w3-w4/Assignment-DatHuis/src/component/msg/message.js">
        <metrics statements="4" coveredstatements="0" conditionals="0" coveredconditionals="0" methods="2" coveredmethods="0"/>
        <line num="3" count="0" type="stmt"/>
        <line num="4" count="0" type="stmt"/>
        <line num="7" count="0" type="stmt"/>
        <line num="8" count="0" type="stmt"/>
      </file>
    </package>
    <package name="src.component.styled">
      <metrics statements="32" coveredstatements="14" conditionals="0" coveredconditionals="0" methods="21" coveredmethods="5"/>
      <file name="fontAwesome.style.js" path="/Users/ehab/Desktop/post-grad-ed/technical-assignments/w3-w4/Assignment-DatHuis/src/component/styled/fontAwesome.style.js">
        <metrics statements="4" coveredstatements="3" conditionals="0" coveredconditionals="0" methods="2" coveredmethods="1"/>
        <line num="3" count="1" type="stmt"/>
        <line num="5" count="0" type="stmt"/>
        <line num="9" count="1" type="stmt"/>
        <line num="10" count="2" type="stmt"/>
      </file>
      <file name="icon.style.js" path="/Users/ehab/Desktop/post-grad-ed/technical-assignments/w3-w4/Assignment-DatHuis/src/component/styled/icon.style.js">
        <metrics statements="4" coveredstatements="0" conditionals="0" coveredconditionals="0" methods="2" coveredmethods="0"/>
        <line num="3" count="0" type="stmt"/>
        <line num="5" count="0" type="stmt"/>
        <line num="9" count="0" type="stmt"/>
        <line num="10" count="0" type="stmt"/>
      </file>
      <file name="input.styled.js" path="/Users/ehab/Desktop/post-grad-ed/technical-assignments/w3-w4/Assignment-DatHuis/src/component/styled/input.styled.js">
        <metrics statements="5" coveredstatements="2" conditionals="0" coveredconditionals="0" methods="4" coveredmethods="1"/>
        <line num="3" count="1" type="stmt"/>
        <line num="4" count="2" type="stmt"/>
        <line num="5" count="0" type="stmt"/>
        <line num="6" count="0" type="stmt"/>
        <line num="15" count="0" type="stmt"/>
      </file>
      <file name="labels.style.js" path="/Users/ehab/Desktop/post-grad-ed/technical-assignments/w3-w4/Assignment-DatHuis/src/component/styled/labels.style.js">
        <metrics statements="11" coveredstatements="5" conditionals="0" coveredconditionals="0" methods="8" coveredmethods="2"/>
        <line num="4" count="1" type="stmt"/>
        <line num="5" count="2" type="stmt"/>
        <line num="6" count="0" type="stmt"/>
        <line num="14" count="0" type="stmt"/>
        <line num="15" count="0" type="stmt"/>
        <line num="20" count="0" type="stmt"/>
        <line num="21" count="0" type="stmt"/>
        <line num="27" count="1" type="stmt"/>
        <line num="28" count="2" type="stmt"/>
        <line num="29" count="0" type="stmt"/>
        <line num="44" count="1" type="stmt"/>
      </file>
      <file name="resultsMenu.styled.js" path="/Users/ehab/Desktop/post-grad-ed/technical-assignments/w3-w4/Assignment-DatHuis/src/component/styled/resultsMenu.styled.js">
        <metrics statements="8" coveredstatements="4" conditionals="0" coveredconditionals="0" methods="5" coveredmethods="1"/>
        <line num="4" count="1" type="stmt"/>
        <line num="5" count="2" type="stmt"/>
        <line num="36" count="1" type="stmt"/>
        <line num="37" count="0" type="stmt"/>
        <line num="39" count="0" type="stmt"/>
        <line num="45" count="0" type="stmt"/>
        <line num="50" count="1" type="stmt"/>
        <line num="51" count="0" type="stmt"/>
      </file>
    </package>
  </project>
</coverage>
