<?xml version="1.0" encoding="UTF-8"?>
<coverage generated="1633777430131" clover="3.2.0">
  <project timestamp="1633777430131" name="All files">
    <metrics statements="62" coveredstatements="30" conditionals="8" coveredconditionals="2" methods="33" coveredmethods="8" elements="103" coveredelements="40" complexity="0" loc="62" ncloc="62" packages="4" files="11" classes="11"/>
    <package name="src">
      <metrics statements="15" coveredstatements="6" conditionals="4" coveredconditionals="0" methods="5" coveredmethods="1"/>
      <file name="App.js" path="/Users/ehab/Desktop/post-grad-ed/technical-assignments/w3-w4/Assignment-DatHuis/src/App.js">
        <metrics statements="13" coveredstatements="6" conditionals="4" coveredconditionals="0" methods="5" coveredmethods="1"/>
        <line num="10" count="1" type="stmt"/>
        <line num="11" count="1" type="stmt"/>
        <line num="12" count="1" type="stmt"/>
        <line num="14" count="1" type="stmt"/>
        <line num="15" count="0" type="stmt"/>
        <line num="16" count="0" type="stmt"/>
        <line num="17" count="0" type="stmt"/>
        <line num="20" count="1" type="stmt"/>
        <line num="21" count="0" type="cond" truecount="0" falsecount="2"/>
        <line num="22" count="0" type="stmt"/>
        <line num="23" count="0" type="cond" truecount="0" falsecount="2"/>
        <line num="24" count="0" type="stmt"/>
        <line num="27" count="1" type="stmt"/>
      </file>
      <file name="HotApp.js" path="/Users/ehab/Desktop/post-grad-ed/technical-assignments/w3-w4/Assignment-DatHuis/src/HotApp.js">
        <metrics statements="0" coveredstatements="0" conditionals="0" coveredconditionals="0" methods="0" coveredmethods="0"/>
      </file>
      <file name="MOCK_DATA.json" path="/Users/ehab/Desktop/post-grad-ed/technical-assignments/w3-w4/Assignment-DatHuis/src/MOCK_DATA.json">
        <metrics statements="1" coveredstatements="0" conditionals="0" coveredconditionals="0" methods="0" coveredmethods="0"/>
        <line num="1" count="0" type="stmt"/>
      </file>
      <file name="entry.js" path="/Users/ehab/Desktop/post-grad-ed/technical-assignments/w3-w4/Assignment-DatHuis/src/entry.js">
        <metrics statements="1" coveredstatements="0" conditionals="0" coveredconditionals="0" methods="0" coveredmethods="0"/>
        <line num="10" count="0" type="stmt"/>
      </file>
    </package>
    <package name="src.components">
      <metrics statements="9" coveredstatements="6" conditionals="4" coveredconditionals="2" methods="5" coveredmethods="2"/>
      <file name="DropDown.js" path="/Users/ehab/Desktop/post-grad-ed/technical-assignments/w3-w4/Assignment-DatHuis/src/components/DropDown.js">
        <metrics statements="5" coveredstatements="3" conditionals="4" coveredconditionals="2" methods="3" coveredmethods="1"/>
        <line num="5" count="1" type="stmt"/>
        <line num="6" count="1" type="stmt"/>
        <line num="7" count="0" type="stmt"/>
        <line num="10" count="1" type="stmt"/>
        <line num="17" count="0" type="stmt"/>
      </file>
      <file name="Input.js" path="/Users/ehab/Desktop/post-grad-ed/technical-assignments/w3-w4/Assignment-DatHuis/src/components/Input.js">
        <metrics statements="4" coveredstatements="3" conditionals="0" coveredconditionals="0" methods="2" coveredmethods="1"/>
        <line num="13" count="1" type="stmt"/>
        <line num="14" count="1" type="stmt"/>
        <line num="15" count="0" type="stmt"/>
        <line num="18" count="1" type="stmt"/>
      </file>
    </package>
    <package name="src.components.styled">
      <metrics statements="36" coveredstatements="18" conditionals="0" coveredconditionals="0" methods="23" coveredmethods="5"/>
      <file name="appContainer.style.js" path="/Users/ehab/Desktop/post-grad-ed/technical-assignments/w3-w4/Assignment-DatHuis/src/components/styled/appContainer.style.js">
        <metrics statements="2" coveredstatements="2" conditionals="0" coveredconditionals="0" methods="0" coveredmethods="0"/>
        <line num="3" count="1" type="stmt"/>
        <line num="10" count="1" type="stmt"/>
      </file>
      <file name="dropDown.style.js" path="/Users/ehab/Desktop/post-grad-ed/technical-assignments/w3-w4/Assignment-DatHuis/src/components/styled/dropDown.style.js">
        <metrics statements="9" coveredstatements="4" conditionals="0" coveredconditionals="0" methods="6" coveredmethods="1"/>
        <line num="4" count="1" type="stmt"/>
        <line num="5" count="2" type="stmt"/>
        <line num="36" count="1" type="stmt"/>
        <line num="37" count="0" type="stmt"/>
        <line num="39" count="0" type="stmt"/>
        <line num="45" count="0" type="stmt"/>
        <line num="50" count="1" type="stmt"/>
        <line num="51" count="0" type="stmt"/>
        <line num="53" count="0" type="stmt"/>
      </file>
      <file name="labels.style.js" path="/Users/ehab/Desktop/post-grad-ed/technical-assignments/w3-w4/Assignment-DatHuis/src/components/styled/labels.style.js">
        <metrics statements="25" coveredstatements="12" conditionals="0" coveredconditionals="0" methods="17" coveredmethods="4"/>
        <line num="6" count="1" type="stmt"/>
        <line num="7" count="2" type="stmt"/>
        <line num="8" count="0" type="stmt"/>
        <line num="9" count="0" type="stmt"/>
        <line num="18" count="0" type="stmt"/>
        <line num="25" count="1" type="stmt"/>
        <line num="26" count="2" type="stmt"/>
        <line num="27" count="0" type="stmt"/>
        <line num="35" count="0" type="stmt"/>
        <line num="36" count="0" type="stmt"/>
        <line num="42" count="0" type="stmt"/>
        <line num="43" count="0" type="stmt"/>
        <line num="49" count="1" type="stmt"/>
        <line num="50" count="2" type="stmt"/>
        <line num="51" count="0" type="stmt"/>
        <line num="67" count="1" type="stmt"/>
        <line num="74" count="1" type="stmt"/>
        <line num="76" count="0" type="stmt"/>
        <line num="80" count="1" type="stmt"/>
        <line num="81" count="2" type="stmt"/>
        <line num="86" count="1" type="stmt"/>
        <line num="87" count="0" type="stmt"/>
        <line num="89" count="0" type="stmt"/>
        <line num="91" count="1" type="stmt"/>
        <line num="92" count="0" type="stmt"/>
      </file>
    </package>
    <package name="src.theme">
      <metrics statements="2" coveredstatements="0" conditionals="0" coveredconditionals="0" methods="0" coveredmethods="0"/>
      <file name="globalStyles.style.js" path="/Users/ehab/Desktop/post-grad-ed/technical-assignments/w3-w4/Assignment-DatHuis/src/theme/globalStyles.style.js">
        <metrics statements="1" coveredstatements="0" conditionals="0" coveredconditionals="0" methods="0" coveredmethods="0"/>
        <line num="3" count="0" type="stmt"/>
      </file>
      <file name="theme.style.js" path="/Users/ehab/Desktop/post-grad-ed/technical-assignments/w3-w4/Assignment-DatHuis/src/theme/theme.style.js">
        <metrics statements="1" coveredstatements="0" conditionals="0" coveredconditionals="0" methods="0" coveredmethods="0"/>
        <line num="1" count="0" type="stmt"/>
      </file>
    </package>
  </project>
</coverage>
