{"/Users/ehab/Desktop/post-grad-ed/technical-assignments/w3-w4/Assignment-DatHuis/src/App.js": {"path":"/Users/ehab/Desktop/post-grad-ed/technical-assignments/w3-w4/Assignment-DatHuis/src/App.js","statementMap":{"0":{"start":{"line":10,"column":12},"end":{"line":42,"column":1}},"1":{"start":{"line":11,"column":40},"end":{"line":11,"column":52}},"2":{"start":{"line":12,"column":42},"end":{"line":12,"column":54}},"3":{"start":{"line":14,"column":2},"end":{"line":18,"column":9}},"4":{"start":{"line":15,"column":26},"end":{"line":15,"column":59}},"5":{"start":{"line":15,"column":49},"end":{"line":15,"column":58}},"6":{"start":{"line":16,"column":26},"end":{"line":16,"column":76}},"7":{"start":{"line":16,"column":60},"end":{"line":16,"column":75}},"8":{"start":{"line":17,"column":4},"end":{"line":17,"column":34}},"9":{"start":{"line":20,"column":24},"end":{"line":26,"column":4}},"10":{"start":{"line":21,"column":4},"end":{"line":25,"column":5}},"11":{"start":{"line":22,"column":6},"end":{"line":22,"column":18}},"12":{"start":{"line":23,"column":11},"end":{"line":25,"column":5}},"13":{"start":{"line":24,"column":6},"end":{"line":24,"column":18}},"14":{"start":{"line":27,"column":2},"end":{"line":41,"column":4}}},"fnMap":{"0":{"name":"(anonymous_0)","decl":{"start":{"line":10,"column":12},"end":{"line":10,"column":13}},"loc":{"start":{"line":10,"column":18},"end":{"line":42,"column":1}},"line":10},"1":{"name":"(anonymous_1)","decl":{"start":{"line":14,"column":12},"end":{"line":14,"column":13}},"loc":{"start":{"line":14,"column":18},"end":{"line":18,"column":3}},"line":14},"2":{"name":"(anonymous_2)","decl":{"start":{"line":15,"column":39},"end":{"line":15,"column":40}},"loc":{"start":{"line":15,"column":49},"end":{"line":15,"column":58}},"line":15},"3":{"name":"(anonymous_3)","decl":{"start":{"line":16,"column":47},"end":{"line":16,"column":48}},"loc":{"start":{"line":16,"column":60},"end":{"line":16,"column":75}},"line":16},"4":{"name":"(anonymous_4)","decl":{"start":{"line":20,"column":43},"end":{"line":20,"column":44}},"loc":{"start":{"line":20,"column":53},"end":{"line":26,"column":3}},"line":20}},"branchMap":{"0":{"loc":{"start":{"line":21,"column":4},"end":{"line":25,"column":5}},"type":"if","locations":[{"start":{"line":21,"column":4},"end":{"line":25,"column":5}},{"start":{"line":21,"column":4},"end":{"line":25,"column":5}}],"line":21},"1":{"loc":{"start":{"line":23,"column":11},"end":{"line":25,"column":5}},"type":"if","locations":[{"start":{"line":23,"column":11},"end":{"line":25,"column":5}},{"start":{"line":23,"column":11},"end":{"line":25,"column":5}}],"line":23}},"s":{"0":1,"1":1,"2":1,"3":1,"4":0,"5":0,"6":0,"7":0,"8":0,"9":1,"10":0,"11":0,"12":0,"13":0,"14":1},"f":{"0":1,"1":0,"2":0,"3":0,"4":0},"b":{"0":[0,0],"1":[0,0]},"_coverageSchema":"43e27e138ebf9cfc5966b082cf9a028302ed4184","hash":"1b9f6f1eec609737cf393d5accf8c25d41dcb5bc"}
,"/Users/ehab/Desktop/post-grad-ed/technical-assignments/w3-w4/Assignment-DatHuis/src/HotApp.js": {"path":"/Users/ehab/Desktop/post-grad-ed/technical-assignments/w3-w4/Assignment-DatHuis/src/HotApp.js","statementMap":{},"fnMap":{},"branchMap":{},"s":{},"f":{},"b":{},"hash":"336b820e66ba906294467a9fbe290d667987f8a5"}
,"/Users/ehab/Desktop/post-grad-ed/technical-assignments/w3-w4/Assignment-DatHuis/src/MOCK_DATA.json": {"path":"/Users/ehab/Desktop/post-grad-ed/technical-assignments/w3-w4/Assignment-DatHuis/src/MOCK_DATA.json","statementMap":{"0":{"start":{"line":1,"column":0},"end":{"line":1000,"column":21}}},"fnMap":{},"branchMap":{},"s":{"0":0},"f":{},"b":{},"hash":"9c0153c5fde6cf3a7273edbd0ad1dce42e0b7ea8"}
,"/Users/ehab/Desktop/post-grad-ed/technical-assignments/w3-w4/Assignment-DatHuis/src/entry.js": {"path":"/Users/ehab/Desktop/post-grad-ed/technical-assignments/w3-w4/Assignment-DatHuis/src/entry.js","statementMap":{"0":{"start":{"line":10,"column":0},"end":{"line":16,"column":2}}},"fnMap":{},"branchMap":{},"s":{"0":0},"f":{},"b":{},"hash":"d13ac9810e1a12e983551e123d3ac65c4a45bb4c"}
,"/Users/ehab/Desktop/post-grad-ed/technical-assignments/w3-w4/Assignment-DatHuis/src/components/DropDown.js": {"path":"/Users/ehab/Desktop/post-grad-ed/technical-assignments/w3-w4/Assignment-DatHuis/src/components/DropDown.js","statementMap":{"0":{"start":{"line":5,"column":21},"end":{"line":25,"column":1}},"1":{"start":{"line":6,"column":24},"end":{"line":8,"column":3}},"2":{"start":{"line":7,"column":4},"end":{"line":7,"column":36}},"3":{"start":{"line":10,"column":2},"end":{"line":24,"column":4}},"4":{"start":{"line":17,"column":12},"end":{"line":19,"column":27}}},"fnMap":{"0":{"name":"(anonymous_0)","decl":{"start":{"line":5,"column":21},"end":{"line":5,"column":22}},"loc":{"start":{"line":5,"column":75},"end":{"line":25,"column":1}},"line":5},"1":{"name":"(anonymous_1)","decl":{"start":{"line":6,"column":24},"end":{"line":6,"column":25}},"loc":{"start":{"line":6,"column":31},"end":{"line":8,"column":3}},"line":6},"2":{"name":"(anonymous_2)","decl":{"start":{"line":16,"column":28},"end":{"line":16,"column":29}},"loc":{"start":{"line":17,"column":12},"end":{"line":19,"column":27}},"line":17}},"branchMap":{"0":{"loc":{"start":{"line":13,"column":9},"end":{"line":21,"column":9}},"type":"cond-expr","locations":[{"start":{"line":14,"column":10},"end":{"line":14,"column":78}},{"start":{"line":16,"column":10},"end":{"line":20,"column":12}}],"line":13},"1":{"loc":{"start":{"line":13,"column":9},"end":{"line":13,"column":51}},"type":"binary-expr","locations":[{"start":{"line":13,"column":9},"end":{"line":13,"column":21}},{"start":{"line":13,"column":25},"end":{"line":13,"column":51}}],"line":13}},"s":{"0":1,"1":1,"2":0,"3":1,"4":0},"f":{"0":1,"1":0,"2":0},"b":{"0":[0,1],"1":[1,0]},"_coverageSchema":"43e27e138ebf9cfc5966b082cf9a028302ed4184","hash":"dfe5fe2a79ab061491561ba785f627cc9bbeb490"}
,"/Users/ehab/Desktop/post-grad-ed/technical-assignments/w3-w4/Assignment-DatHuis/src/components/Input.js": {"path":"/Users/ehab/Desktop/post-grad-ed/technical-assignments/w3-w4/Assignment-DatHuis/src/components/Input.js","statementMap":{"0":{"start":{"line":13,"column":19},"end":{"line":37,"column":1}},"1":{"start":{"line":14,"column":23},"end":{"line":16,"column":3}},"2":{"start":{"line":15,"column":4},"end":{"line":15,"column":36}},"3":{"start":{"line":18,"column":2},"end":{"line":36,"column":4}}},"fnMap":{"0":{"name":"(anonymous_0)","decl":{"start":{"line":13,"column":19},"end":{"line":13,"column":20}},"loc":{"start":{"line":13,"column":58},"end":{"line":37,"column":1}},"line":13},"1":{"name":"(anonymous_1)","decl":{"start":{"line":14,"column":23},"end":{"line":14,"column":24}},"loc":{"start":{"line":14,"column":30},"end":{"line":16,"column":3}},"line":14}},"branchMap":{},"s":{"0":1,"1":1,"2":0,"3":1},"f":{"0":1,"1":0},"b":{},"_coverageSchema":"43e27e138ebf9cfc5966b082cf9a028302ed4184","hash":"83fe7f6756870ebcdf196f7efceabca76d748278"}
,"/Users/ehab/Desktop/post-grad-ed/technical-assignments/w3-w4/Assignment-DatHuis/src/components/styled/appContainer.style.js": {"path":"/Users/ehab/Desktop/post-grad-ed/technical-assignments/w3-w4/Assignment-DatHuis/src/components/styled/appContainer.style.js","statementMap":{"0":{"start":{"line":3,"column":28},"end":{"line":9,"column":1}},"1":{"start":{"line":10,"column":29},"end":{"line":15,"column":1}}},"fnMap":{},"branchMap":{},"s":{"0":1,"1":1},"f":{},"b":{},"_coverageSchema":"43e27e138ebf9cfc5966b082cf9a028302ed4184","hash":"c5e4efc7092ffc47d69a4bc9fe9a62f93d874d41"}
,"/Users/ehab/Desktop/post-grad-ed/technical-assignments/w3-w4/Assignment-DatHuis/src/components/styled/dropDown.style.js": {"path":"/Users/ehab/Desktop/post-grad-ed/technical-assignments/w3-w4/Assignment-DatHuis/src/components/styled/dropDown.style.js","statementMap":{"0":{"start":{"line":4,"column":34},"end":{"line":35,"column":1}},"1":{"start":{"line":5,"column":33},"end":{"line":5,"column":57}},"2":{"start":{"line":36,"column":28},"end":{"line":48,"column":1}},"3":{"start":{"line":37,"column":22},"end":{"line":37,"column":45}},"4":{"start":{"line":39,"column":26},"end":{"line":39,"column":53}},"5":{"start":{"line":45,"column":24},"end":{"line":45,"column":52}},"6":{"start":{"line":50,"column":29},"end":{"line":54,"column":1}},"7":{"start":{"line":51,"column":22},"end":{"line":51,"column":50}},"8":{"start":{"line":53,"column":26},"end":{"line":53,"column":54}}},"fnMap":{"0":{"name":"(anonymous_0)","decl":{"start":{"line":5,"column":22},"end":{"line":5,"column":23}},"loc":{"start":{"line":5,"column":33},"end":{"line":5,"column":57}},"line":5},"1":{"name":"(anonymous_1)","decl":{"start":{"line":37,"column":11},"end":{"line":37,"column":12}},"loc":{"start":{"line":37,"column":22},"end":{"line":37,"column":45}},"line":37},"2":{"name":"(anonymous_2)","decl":{"start":{"line":39,"column":15},"end":{"line":39,"column":16}},"loc":{"start":{"line":39,"column":26},"end":{"line":39,"column":53}},"line":39},"3":{"name":"(anonymous_3)","decl":{"start":{"line":45,"column":13},"end":{"line":45,"column":14}},"loc":{"start":{"line":45,"column":24},"end":{"line":45,"column":52}},"line":45},"4":{"name":"(anonymous_4)","decl":{"start":{"line":51,"column":11},"end":{"line":51,"column":12}},"loc":{"start":{"line":51,"column":22},"end":{"line":51,"column":50}},"line":51},"5":{"name":"(anonymous_5)","decl":{"start":{"line":53,"column":15},"end":{"line":53,"column":16}},"loc":{"start":{"line":53,"column":26},"end":{"line":53,"column":54}},"line":53}},"branchMap":{},"s":{"0":1,"1":2,"2":1,"3":0,"4":0,"5":0,"6":1,"7":0,"8":0},"f":{"0":2,"1":0,"2":0,"3":0,"4":0,"5":0},"b":{},"_coverageSchema":"43e27e138ebf9cfc5966b082cf9a028302ed4184","hash":"8bb32df35f4a223a2bef032ccc118c1a188a7356"}
,"/Users/ehab/Desktop/post-grad-ed/technical-assignments/w3-w4/Assignment-DatHuis/src/components/styled/labels.style.js": {"path":"/Users/ehab/Desktop/post-grad-ed/technical-assignments/w3-w4/Assignment-DatHuis/src/components/styled/labels.style.js","statementMap":{"0":{"start":{"line":6,"column":32},"end":{"line":23,"column":1}},"1":{"start":{"line":7,"column":33},"end":{"line":7,"column":57}},"2":{"start":{"line":8,"column":22},"end":{"line":8,"column":45}},"3":{"start":{"line":9,"column":26},"end":{"line":9,"column":55}},"4":{"start":{"line":18,"column":35},"end":{"line":18,"column":63}},"5":{"start":{"line":25,"column":28},"end":{"line":47,"column":1}},"6":{"start":{"line":26,"column":26},"end":{"line":26,"column":55}},"7":{"start":{"line":27,"column":22},"end":{"line":27,"column":45}},"8":{"start":{"line":35,"column":24},"end":{"line":35,"column":52}},"9":{"start":{"line":36,"column":28},"end":{"line":36,"column":56}},"10":{"start":{"line":42,"column":24},"end":{"line":42,"column":52}},"11":{"start":{"line":43,"column":28},"end":{"line":43,"column":56}},"12":{"start":{"line":49,"column":25},"end":{"line":65,"column":1}},"13":{"start":{"line":50,"column":26},"end":{"line":50,"column":55}},"14":{"start":{"line":51,"column":22},"end":{"line":51,"column":46}},"15":{"start":{"line":67,"column":26},"end":{"line":72,"column":1}},"16":{"start":{"line":74,"column":32},"end":{"line":78,"column":1}},"17":{"start":{"line":76,"column":26},"end":{"line":76,"column":55}},"18":{"start":{"line":80,"column":35},"end":{"line":83,"column":1}},"19":{"start":{"line":81,"column":22},"end":{"line":81,"column":45}},"20":{"start":{"line":86,"column":22},"end":{"line":90,"column":1}},"21":{"start":{"line":87,"column":22},"end":{"line":87,"column":46}},"22":{"start":{"line":89,"column":26},"end":{"line":89,"column":55}},"23":{"start":{"line":91,"column":23},"end":{"line":93,"column":1}},"24":{"start":{"line":92,"column":2},"end":{"line":92,"column":50}}},"fnMap":{"0":{"name":"(anonymous_0)","decl":{"start":{"line":7,"column":22},"end":{"line":7,"column":23}},"loc":{"start":{"line":7,"column":33},"end":{"line":7,"column":57}},"line":7},"1":{"name":"(anonymous_1)","decl":{"start":{"line":8,"column":11},"end":{"line":8,"column":12}},"loc":{"start":{"line":8,"column":22},"end":{"line":8,"column":45}},"line":8},"2":{"name":"(anonymous_2)","decl":{"start":{"line":9,"column":15},"end":{"line":9,"column":16}},"loc":{"start":{"line":9,"column":26},"end":{"line":9,"column":55}},"line":9},"3":{"name":"(anonymous_3)","decl":{"start":{"line":18,"column":24},"end":{"line":18,"column":25}},"loc":{"start":{"line":18,"column":35},"end":{"line":18,"column":63}},"line":18},"4":{"name":"(anonymous_4)","decl":{"start":{"line":26,"column":15},"end":{"line":26,"column":16}},"loc":{"start":{"line":26,"column":26},"end":{"line":26,"column":55}},"line":26},"5":{"name":"(anonymous_5)","decl":{"start":{"line":27,"column":11},"end":{"line":27,"column":12}},"loc":{"start":{"line":27,"column":22},"end":{"line":27,"column":45}},"line":27},"6":{"name":"(anonymous_6)","decl":{"start":{"line":35,"column":13},"end":{"line":35,"column":14}},"loc":{"start":{"line":35,"column":24},"end":{"line":35,"column":52}},"line":35},"7":{"name":"(anonymous_7)","decl":{"start":{"line":36,"column":17},"end":{"line":36,"column":18}},"loc":{"start":{"line":36,"column":28},"end":{"line":36,"column":56}},"line":36},"8":{"name":"(anonymous_8)","decl":{"start":{"line":42,"column":13},"end":{"line":42,"column":14}},"loc":{"start":{"line":42,"column":24},"end":{"line":42,"column":52}},"line":42},"9":{"name":"(anonymous_9)","decl":{"start":{"line":43,"column":17},"end":{"line":43,"column":18}},"loc":{"start":{"line":43,"column":28},"end":{"line":43,"column":56}},"line":43},"10":{"name":"(anonymous_10)","decl":{"start":{"line":50,"column":15},"end":{"line":50,"column":16}},"loc":{"start":{"line":50,"column":26},"end":{"line":50,"column":55}},"line":50},"11":{"name":"(anonymous_11)","decl":{"start":{"line":51,"column":11},"end":{"line":51,"column":12}},"loc":{"start":{"line":51,"column":22},"end":{"line":51,"column":46}},"line":51},"12":{"name":"(anonymous_12)","decl":{"start":{"line":76,"column":15},"end":{"line":76,"column":16}},"loc":{"start":{"line":76,"column":26},"end":{"line":76,"column":55}},"line":76},"13":{"name":"(anonymous_13)","decl":{"start":{"line":81,"column":11},"end":{"line":81,"column":12}},"loc":{"start":{"line":81,"column":22},"end":{"line":81,"column":45}},"line":81},"14":{"name":"(anonymous_14)","decl":{"start":{"line":87,"column":11},"end":{"line":87,"column":12}},"loc":{"start":{"line":87,"column":22},"end":{"line":87,"column":46}},"line":87},"15":{"name":"(anonymous_15)","decl":{"start":{"line":89,"column":15},"end":{"line":89,"column":16}},"loc":{"start":{"line":89,"column":26},"end":{"line":89,"column":55}},"line":89},"16":{"name":"(anonymous_16)","decl":{"start":{"line":91,"column":23},"end":{"line":91,"column":24}},"loc":{"start":{"line":91,"column":40},"end":{"line":93,"column":1}},"line":91}},"branchMap":{},"s":{"0":1,"1":2,"2":0,"3":0,"4":0,"5":1,"6":2,"7":0,"8":0,"9":0,"10":0,"11":0,"12":1,"13":2,"14":0,"15":1,"16":1,"17":0,"18":1,"19":2,"20":1,"21":0,"22":0,"23":1,"24":0},"f":{"0":2,"1":0,"2":0,"3":0,"4":2,"5":0,"6":0,"7":0,"8":0,"9":0,"10":2,"11":0,"12":0,"13":2,"14":0,"15":0,"16":0},"b":{},"_coverageSchema":"43e27e138ebf9cfc5966b082cf9a028302ed4184","hash":"16e8103a1e7d68d6b39a1b50bd027c83f21dbeaa"}
,"/Users/ehab/Desktop/post-grad-ed/technical-assignments/w3-w4/Assignment-DatHuis/src/theme/globalStyles.style.js": {"path":"/Users/ehab/Desktop/post-grad-ed/technical-assignments/w3-w4/Assignment-DatHuis/src/theme/globalStyles.style.js","statementMap":{"0":{"start":{"line":3,"column":20},"end":{"line":16,"column":1}}},"fnMap":{},"branchMap":{},"s":{"0":0},"f":{},"b":{},"hash":"8980dea547f4b5b39b661e3c881a7f508fddf75b"}
,"/Users/ehab/Desktop/post-grad-ed/technical-assignments/w3-w4/Assignment-DatHuis/src/theme/theme.style.js": {"path":"/Users/ehab/Desktop/post-grad-ed/technical-assignments/w3-w4/Assignment-DatHuis/src/theme/theme.style.js","statementMap":{"0":{"start":{"line":1,"column":14},"end":{"line":13,"column":1}}},"fnMap":{},"branchMap":{},"s":{"0":0},"f":{},"b":{},"hash":"1feb442a33a7a87a476238a242ab5a849fcf5e01"}
}
