{"/Users/ehab/Desktop/post-grad-ed/technical-assignments/w3-w4/Assignment-DatHuis/src/App.js": {"path":"/Users/ehab/Desktop/post-grad-ed/technical-assignments/w3-w4/Assignment-DatHuis/src/App.js","statementMap":{"0":{"start":{"line":8,"column":12},"end":{"line":14,"column":1}},"1":{"start":{"line":9,"column":2},"end":{"line":13,"column":4}}},"fnMap":{"0":{"name":"(anonymous_0)","decl":{"start":{"line":8,"column":12},"end":{"line":8,"column":13}},"loc":{"start":{"line":8,"column":18},"end":{"line":14,"column":1}},"line":8}},"branchMap":{},"s":{"0":1,"1":1},"f":{"0":1},"b":{},"_coverageSchema":"43e27e138ebf9cfc5966b082cf9a028302ed4184","hash":"0644293aba36aea5be8646dbc8e6807189506ce6"}
,"/Users/ehab/Desktop/post-grad-ed/technical-assignments/w3-w4/Assignment-DatHuis/src/HotApp.js": {"path":"/Users/ehab/Desktop/post-grad-ed/technical-assignments/w3-w4/Assignment-DatHuis/src/HotApp.js","statementMap":{},"fnMap":{},"branchMap":{},"s":{},"f":{},"b":{},"hash":"336b820e66ba906294467a9fbe290d667987f8a5"}
,"/Users/ehab/Desktop/post-grad-ed/technical-assignments/w3-w4/Assignment-DatHuis/src/MOCK_DATA.json": {"path":"/Users/ehab/Desktop/post-grad-ed/technical-assignments/w3-w4/Assignment-DatHuis/src/MOCK_DATA.json","statementMap":{"0":{"start":{"line":1,"column":0},"end":{"line":1000,"column":21}}},"fnMap":{},"branchMap":{},"s":{"0":0},"f":{},"b":{},"hash":"9c0153c5fde6cf3a7273edbd0ad1dce42e0b7ea8"}
,"/Users/ehab/Desktop/post-grad-ed/technical-assignments/w3-w4/Assignment-DatHuis/src/MainPage.js": {"path":"/Users/ehab/Desktop/post-grad-ed/technical-assignments/w3-w4/Assignment-DatHuis/src/MainPage.js","statementMap":{"0":{"start":{"line":7,"column":17},"end":{"line":40,"column":1}},"1":{"start":{"line":8,"column":36},"end":{"line":8,"column":48}},"2":{"start":{"line":9,"column":42},"end":{"line":9,"column":54}},"3":{"start":{"line":11,"column":2},"end":{"line":15,"column":9}},"4":{"start":{"line":12,"column":25},"end":{"line":12,"column":58}},"5":{"start":{"line":12,"column":48},"end":{"line":12,"column":57}},"6":{"start":{"line":13,"column":24},"end":{"line":13,"column":61}},"7":{"start":{"line":13,"column":51},"end":{"line":13,"column":60}},"8":{"start":{"line":14,"column":4},"end":{"line":14,"column":30}},"9":{"start":{"line":17,"column":24},"end":{"line":23,"column":4}},"10":{"start":{"line":18,"column":4},"end":{"line":22,"column":5}},"11":{"start":{"line":19,"column":6},"end":{"line":19,"column":18}},"12":{"start":{"line":20,"column":11},"end":{"line":22,"column":5}},"13":{"start":{"line":21,"column":6},"end":{"line":21,"column":18}},"14":{"start":{"line":25,"column":2},"end":{"line":39,"column":4}}},"fnMap":{"0":{"name":"(anonymous_0)","decl":{"start":{"line":7,"column":17},"end":{"line":7,"column":18}},"loc":{"start":{"line":7,"column":23},"end":{"line":40,"column":1}},"line":7},"1":{"name":"(anonymous_1)","decl":{"start":{"line":11,"column":12},"end":{"line":11,"column":13}},"loc":{"start":{"line":11,"column":18},"end":{"line":15,"column":3}},"line":11},"2":{"name":"(anonymous_2)","decl":{"start":{"line":12,"column":38},"end":{"line":12,"column":39}},"loc":{"start":{"line":12,"column":48},"end":{"line":12,"column":57}},"line":12},"3":{"name":"(anonymous_3)","decl":{"start":{"line":13,"column":44},"end":{"line":13,"column":45}},"loc":{"start":{"line":13,"column":51},"end":{"line":13,"column":60}},"line":13},"4":{"name":"(anonymous_4)","decl":{"start":{"line":17,"column":41},"end":{"line":17,"column":42}},"loc":{"start":{"line":17,"column":51},"end":{"line":23,"column":3}},"line":17}},"branchMap":{"0":{"loc":{"start":{"line":18,"column":4},"end":{"line":22,"column":5}},"type":"if","locations":[{"start":{"line":18,"column":4},"end":{"line":22,"column":5}},{"start":{"line":18,"column":4},"end":{"line":22,"column":5}}],"line":18},"1":{"loc":{"start":{"line":20,"column":11},"end":{"line":22,"column":5}},"type":"if","locations":[{"start":{"line":20,"column":11},"end":{"line":22,"column":5}},{"start":{"line":20,"column":11},"end":{"line":22,"column":5}}],"line":20}},"s":{"0":1,"1":1,"2":1,"3":1,"4":0,"5":0,"6":0,"7":0,"8":0,"9":1,"10":0,"11":0,"12":0,"13":0,"14":1},"f":{"0":1,"1":0,"2":0,"3":0,"4":0},"b":{"0":[0,0],"1":[0,0]},"_coverageSchema":"43e27e138ebf9cfc5966b082cf9a028302ed4184","hash":"00c47f810cef83873f7f6dc97a2131c27bc0583d"}
,"/Users/ehab/Desktop/post-grad-ed/technical-assignments/w3-w4/Assignment-DatHuis/src/entry.js": {"path":"/Users/ehab/Desktop/post-grad-ed/technical-assignments/w3-w4/Assignment-DatHuis/src/entry.js","statementMap":{"0":{"start":{"line":7,"column":0},"end":{"line":7,"column":60}}},"fnMap":{},"branchMap":{},"s":{"0":0},"f":{},"b":{},"hash":"4ded4244fc4afbeb59fcfa870ca122961af2da5b"}
,"/Users/ehab/Desktop/post-grad-ed/technical-assignments/w3-w4/Assignment-DatHuis/src/component/dronDwon.js": {"path":"/Users/ehab/Desktop/post-grad-ed/technical-assignments/w3-w4/Assignment-DatHuis/src/component/dronDwon.js","statementMap":{"0":{"start":{"line":5,"column":21},"end":{"line":25,"column":1}},"1":{"start":{"line":6,"column":24},"end":{"line":8,"column":3}},"2":{"start":{"line":7,"column":4},"end":{"line":7,"column":36}},"3":{"start":{"line":10,"column":2},"end":{"line":24,"column":4}},"4":{"start":{"line":17,"column":12},"end":{"line":19,"column":27}}},"fnMap":{"0":{"name":"(anonymous_0)","decl":{"start":{"line":5,"column":21},"end":{"line":5,"column":22}},"loc":{"start":{"line":5,"column":75},"end":{"line":25,"column":1}},"line":5},"1":{"name":"(anonymous_1)","decl":{"start":{"line":6,"column":24},"end":{"line":6,"column":25}},"loc":{"start":{"line":6,"column":31},"end":{"line":8,"column":3}},"line":6},"2":{"name":"(anonymous_2)","decl":{"start":{"line":16,"column":28},"end":{"line":16,"column":29}},"loc":{"start":{"line":17,"column":12},"end":{"line":19,"column":27}},"line":17}},"branchMap":{"0":{"loc":{"start":{"line":13,"column":9},"end":{"line":21,"column":9}},"type":"cond-expr","locations":[{"start":{"line":14,"column":10},"end":{"line":14,"column":78}},{"start":{"line":16,"column":10},"end":{"line":20,"column":12}}],"line":13},"1":{"loc":{"start":{"line":13,"column":9},"end":{"line":13,"column":51}},"type":"binary-expr","locations":[{"start":{"line":13,"column":9},"end":{"line":13,"column":21}},{"start":{"line":13,"column":25},"end":{"line":13,"column":51}}],"line":13}},"s":{"0":0,"1":0,"2":0,"3":0,"4":0},"f":{"0":0,"1":0,"2":0},"b":{"0":[0,0],"1":[0,0]},"hash":"2d404438dbbdfc5488b30d41520c877378d622ff"}
,"/Users/ehab/Desktop/post-grad-ed/technical-assignments/w3-w4/Assignment-DatHuis/src/component/input.js": {"path":"/Users/ehab/Desktop/post-grad-ed/technical-assignments/w3-w4/Assignment-DatHuis/src/component/input.js","statementMap":{"0":{"start":{"line":10,"column":19},"end":{"line":34,"column":1}},"1":{"start":{"line":11,"column":23},"end":{"line":13,"column":3}},"2":{"start":{"line":12,"column":4},"end":{"line":12,"column":36}},"3":{"start":{"line":15,"column":2},"end":{"line":33,"column":4}}},"fnMap":{"0":{"name":"(anonymous_0)","decl":{"start":{"line":10,"column":19},"end":{"line":10,"column":20}},"loc":{"start":{"line":10,"column":58},"end":{"line":34,"column":1}},"line":10},"1":{"name":"(anonymous_1)","decl":{"start":{"line":11,"column":23},"end":{"line":11,"column":24}},"loc":{"start":{"line":11,"column":30},"end":{"line":13,"column":3}},"line":11}},"branchMap":{},"s":{"0":1,"1":1,"2":0,"3":1},"f":{"0":1,"1":0},"b":{},"_coverageSchema":"43e27e138ebf9cfc5966b082cf9a028302ed4184","hash":"b072ebe7f7ea48cab18704207a84cb81266838b4"}
,"/Users/ehab/Desktop/post-grad-ed/technical-assignments/w3-w4/Assignment-DatHuis/src/component/msg.js": {"path":"/Users/ehab/Desktop/post-grad-ed/technical-assignments/w3-w4/Assignment-DatHuis/src/component/msg.js","statementMap":{"0":{"start":{"line":3,"column":22},"end":{"line":6,"column":1}},"1":{"start":{"line":4,"column":22},"end":{"line":4,"column":50}},"2":{"start":{"line":7,"column":16},"end":{"line":9,"column":1}},"3":{"start":{"line":8,"column":2},"end":{"line":8,"column":50}}},"fnMap":{"0":{"name":"(anonymous_0)","decl":{"start":{"line":4,"column":11},"end":{"line":4,"column":12}},"loc":{"start":{"line":4,"column":22},"end":{"line":4,"column":50}},"line":4},"1":{"name":"(anonymous_1)","decl":{"start":{"line":7,"column":16},"end":{"line":7,"column":17}},"loc":{"start":{"line":7,"column":33},"end":{"line":9,"column":1}},"line":7}},"branchMap":{},"s":{"0":0,"1":0,"2":0,"3":0},"f":{"0":0,"1":0},"b":{},"hash":"7364152fcc4c24bc5ced98e34d09a5a1a2396015"}
,"/Users/ehab/Desktop/post-grad-ed/technical-assignments/w3-w4/Assignment-DatHuis/src/component/containers/container.js": {"path":"/Users/ehab/Desktop/post-grad-ed/technical-assignments/w3-w4/Assignment-DatHuis/src/component/containers/container.js","statementMap":{"0":{"start":{"line":3,"column":28},"end":{"line":9,"column":1}},"1":{"start":{"line":10,"column":29},"end":{"line":16,"column":1}}},"fnMap":{},"branchMap":{},"s":{"0":1,"1":1},"f":{},"b":{},"_coverageSchema":"43e27e138ebf9cfc5966b082cf9a028302ed4184","hash":"190a2550bf817baa7b3498fd2b17c90441ed1b19"}
,"/Users/ehab/Desktop/post-grad-ed/technical-assignments/w3-w4/Assignment-DatHuis/src/component/msg/message.js": {"path":"/Users/ehab/Desktop/post-grad-ed/technical-assignments/w3-w4/Assignment-DatHuis/src/component/msg/message.js","statementMap":{"0":{"start":{"line":3,"column":22},"end":{"line":6,"column":1}},"1":{"start":{"line":4,"column":22},"end":{"line":4,"column":50}},"2":{"start":{"line":7,"column":16},"end":{"line":9,"column":1}},"3":{"start":{"line":8,"column":2},"end":{"line":8,"column":50}}},"fnMap":{"0":{"name":"(anonymous_0)","decl":{"start":{"line":4,"column":11},"end":{"line":4,"column":12}},"loc":{"start":{"line":4,"column":22},"end":{"line":4,"column":50}},"line":4},"1":{"name":"(anonymous_1)","decl":{"start":{"line":7,"column":16},"end":{"line":7,"column":17}},"loc":{"start":{"line":7,"column":33},"end":{"line":9,"column":1}},"line":7}},"branchMap":{},"s":{"0":0,"1":0,"2":0,"3":0},"f":{"0":0,"1":0},"b":{},"hash":"bb295c09e8b53ad7ec1c5f701388d2ad2daff68e"}
,"/Users/ehab/Desktop/post-grad-ed/technical-assignments/w3-w4/Assignment-DatHuis/src/component/styled/fontAwesome.style.js": {"path":"/Users/ehab/Desktop/post-grad-ed/technical-assignments/w3-w4/Assignment-DatHuis/src/component/styled/fontAwesome.style.js","statementMap":{"0":{"start":{"line":3,"column":32},"end":{"line":7,"column":1}},"1":{"start":{"line":5,"column":26},"end":{"line":5,"column":55}},"2":{"start":{"line":9,"column":35},"end":{"line":12,"column":1}},"3":{"start":{"line":10,"column":22},"end":{"line":10,"column":45}}},"fnMap":{"0":{"name":"(anonymous_0)","decl":{"start":{"line":5,"column":15},"end":{"line":5,"column":16}},"loc":{"start":{"line":5,"column":26},"end":{"line":5,"column":55}},"line":5},"1":{"name":"(anonymous_1)","decl":{"start":{"line":10,"column":11},"end":{"line":10,"column":12}},"loc":{"start":{"line":10,"column":22},"end":{"line":10,"column":45}},"line":10}},"branchMap":{},"s":{"0":1,"1":0,"2":1,"3":2},"f":{"0":0,"1":2},"b":{},"_coverageSchema":"43e27e138ebf9cfc5966b082cf9a028302ed4184","hash":"97fa58fd6f0f1dafe7d0084e0cf44e4ee2c61546"}
,"/Users/ehab/Desktop/post-grad-ed/technical-assignments/w3-w4/Assignment-DatHuis/src/component/styled/icon.style.js": {"path":"/Users/ehab/Desktop/post-grad-ed/technical-assignments/w3-w4/Assignment-DatHuis/src/component/styled/icon.style.js","statementMap":{"0":{"start":{"line":3,"column":32},"end":{"line":7,"column":1}},"1":{"start":{"line":5,"column":26},"end":{"line":5,"column":55}},"2":{"start":{"line":9,"column":35},"end":{"line":12,"column":1}},"3":{"start":{"line":10,"column":22},"end":{"line":10,"column":45}}},"fnMap":{"0":{"name":"(anonymous_0)","decl":{"start":{"line":5,"column":15},"end":{"line":5,"column":16}},"loc":{"start":{"line":5,"column":26},"end":{"line":5,"column":55}},"line":5},"1":{"name":"(anonymous_1)","decl":{"start":{"line":10,"column":11},"end":{"line":10,"column":12}},"loc":{"start":{"line":10,"column":22},"end":{"line":10,"column":45}},"line":10}},"branchMap":{},"s":{"0":0,"1":0,"2":0,"3":0},"f":{"0":0,"1":0},"b":{},"hash":"32dc5efb08a125482ecbed55201f56cc630c76c6"}
,"/Users/ehab/Desktop/post-grad-ed/technical-assignments/w3-w4/Assignment-DatHuis/src/component/styled/input.styled.js": {"path":"/Users/ehab/Desktop/post-grad-ed/technical-assignments/w3-w4/Assignment-DatHuis/src/component/styled/input.styled.js","statementMap":{"0":{"start":{"line":3,"column":32},"end":{"line":20,"column":1}},"1":{"start":{"line":4,"column":33},"end":{"line":4,"column":57}},"2":{"start":{"line":5,"column":22},"end":{"line":5,"column":45}},"3":{"start":{"line":6,"column":26},"end":{"line":6,"column":55}},"4":{"start":{"line":15,"column":35},"end":{"line":15,"column":63}}},"fnMap":{"0":{"name":"(anonymous_0)","decl":{"start":{"line":4,"column":22},"end":{"line":4,"column":23}},"loc":{"start":{"line":4,"column":33},"end":{"line":4,"column":57}},"line":4},"1":{"name":"(anonymous_1)","decl":{"start":{"line":5,"column":11},"end":{"line":5,"column":12}},"loc":{"start":{"line":5,"column":22},"end":{"line":5,"column":45}},"line":5},"2":{"name":"(anonymous_2)","decl":{"start":{"line":6,"column":15},"end":{"line":6,"column":16}},"loc":{"start":{"line":6,"column":26},"end":{"line":6,"column":55}},"line":6},"3":{"name":"(anonymous_3)","decl":{"start":{"line":15,"column":24},"end":{"line":15,"column":25}},"loc":{"start":{"line":15,"column":35},"end":{"line":15,"column":63}},"line":15}},"branchMap":{},"s":{"0":1,"1":2,"2":0,"3":0,"4":0},"f":{"0":2,"1":0,"2":0,"3":0},"b":{},"_coverageSchema":"43e27e138ebf9cfc5966b082cf9a028302ed4184","hash":"82390252fe57beaaaa437c8d61e865feb653b10a"}
,"/Users/ehab/Desktop/post-grad-ed/technical-assignments/w3-w4/Assignment-DatHuis/src/component/styled/labels.style.js": {"path":"/Users/ehab/Desktop/post-grad-ed/technical-assignments/w3-w4/Assignment-DatHuis/src/component/styled/labels.style.js","statementMap":{"0":{"start":{"line":4,"column":28},"end":{"line":25,"column":1}},"1":{"start":{"line":5,"column":26},"end":{"line":5,"column":55}},"2":{"start":{"line":6,"column":22},"end":{"line":6,"column":45}},"3":{"start":{"line":14,"column":24},"end":{"line":14,"column":52}},"4":{"start":{"line":15,"column":28},"end":{"line":15,"column":55}},"5":{"start":{"line":20,"column":24},"end":{"line":20,"column":52}},"6":{"start":{"line":21,"column":28},"end":{"line":21,"column":55}},"7":{"start":{"line":27,"column":25},"end":{"line":42,"column":1}},"8":{"start":{"line":28,"column":26},"end":{"line":28,"column":55}},"9":{"start":{"line":29,"column":22},"end":{"line":29,"column":46}},"10":{"start":{"line":44,"column":26},"end":{"line":54,"column":1}}},"fnMap":{"0":{"name":"(anonymous_0)","decl":{"start":{"line":5,"column":15},"end":{"line":5,"column":16}},"loc":{"start":{"line":5,"column":26},"end":{"line":5,"column":55}},"line":5},"1":{"name":"(anonymous_1)","decl":{"start":{"line":6,"column":11},"end":{"line":6,"column":12}},"loc":{"start":{"line":6,"column":22},"end":{"line":6,"column":45}},"line":6},"2":{"name":"(anonymous_2)","decl":{"start":{"line":14,"column":13},"end":{"line":14,"column":14}},"loc":{"start":{"line":14,"column":24},"end":{"line":14,"column":52}},"line":14},"3":{"name":"(anonymous_3)","decl":{"start":{"line":15,"column":17},"end":{"line":15,"column":18}},"loc":{"start":{"line":15,"column":28},"end":{"line":15,"column":55}},"line":15},"4":{"name":"(anonymous_4)","decl":{"start":{"line":20,"column":13},"end":{"line":20,"column":14}},"loc":{"start":{"line":20,"column":24},"end":{"line":20,"column":52}},"line":20},"5":{"name":"(anonymous_5)","decl":{"start":{"line":21,"column":17},"end":{"line":21,"column":18}},"loc":{"start":{"line":21,"column":28},"end":{"line":21,"column":55}},"line":21},"6":{"name":"(anonymous_6)","decl":{"start":{"line":28,"column":15},"end":{"line":28,"column":16}},"loc":{"start":{"line":28,"column":26},"end":{"line":28,"column":55}},"line":28},"7":{"name":"(anonymous_7)","decl":{"start":{"line":29,"column":11},"end":{"line":29,"column":12}},"loc":{"start":{"line":29,"column":22},"end":{"line":29,"column":46}},"line":29}},"branchMap":{},"s":{"0":1,"1":2,"2":0,"3":0,"4":0,"5":0,"6":0,"7":1,"8":2,"9":0,"10":1},"f":{"0":2,"1":0,"2":0,"3":0,"4":0,"5":0,"6":2,"7":0},"b":{},"_coverageSchema":"43e27e138ebf9cfc5966b082cf9a028302ed4184","hash":"0cc27e3c66128147807697680ad78e4443c08650"}
,"/Users/ehab/Desktop/post-grad-ed/technical-assignments/w3-w4/Assignment-DatHuis/src/component/styled/resultsMenu.styled.js": {"path":"/Users/ehab/Desktop/post-grad-ed/technical-assignments/w3-w4/Assignment-DatHuis/src/component/styled/resultsMenu.styled.js","statementMap":{"0":{"start":{"line":4,"column":29},"end":{"line":35,"column":1}},"1":{"start":{"line":5,"column":33},"end":{"line":5,"column":57}},"2":{"start":{"line":36,"column":28},"end":{"line":48,"column":1}},"3":{"start":{"line":37,"column":22},"end":{"line":37,"column":45}},"4":{"start":{"line":39,"column":26},"end":{"line":39,"column":53}},"5":{"start":{"line":45,"column":24},"end":{"line":45,"column":52}},"6":{"start":{"line":50,"column":29},"end":{"line":53,"column":1}},"7":{"start":{"line":51,"column":22},"end":{"line":51,"column":50}}},"fnMap":{"0":{"name":"(anonymous_0)","decl":{"start":{"line":5,"column":22},"end":{"line":5,"column":23}},"loc":{"start":{"line":5,"column":33},"end":{"line":5,"column":57}},"line":5},"1":{"name":"(anonymous_1)","decl":{"start":{"line":37,"column":11},"end":{"line":37,"column":12}},"loc":{"start":{"line":37,"column":22},"end":{"line":37,"column":45}},"line":37},"2":{"name":"(anonymous_2)","decl":{"start":{"line":39,"column":15},"end":{"line":39,"column":16}},"loc":{"start":{"line":39,"column":26},"end":{"line":39,"column":53}},"line":39},"3":{"name":"(anonymous_3)","decl":{"start":{"line":45,"column":13},"end":{"line":45,"column":14}},"loc":{"start":{"line":45,"column":24},"end":{"line":45,"column":52}},"line":45},"4":{"name":"(anonymous_4)","decl":{"start":{"line":51,"column":11},"end":{"line":51,"column":12}},"loc":{"start":{"line":51,"column":22},"end":{"line":51,"column":50}},"line":51}},"branchMap":{},"s":{"0":1,"1":2,"2":1,"3":0,"4":0,"5":0,"6":1,"7":0},"f":{"0":2,"1":0,"2":0,"3":0,"4":0},"b":{},"_coverageSchema":"43e27e138ebf9cfc5966b082cf9a028302ed4184","hash":"65272f255dc1ef29993e41e90b86e28c8a09c97a"}
}
